#
# A fatal error has been detected by the Java Runtime Environment:
#
#  EXCEPTION_ACCESS_VIOLATION (0xc0000005) at pc=0x000000006da03025, pid=4148, tid=5144
#
# JRE version: 6.0_30-b12
# Java VM: Java HotSpot(TM) 64-Bit Server VM (20.5-b03 mixed mode windows-amd64 compressed oops)
# Problematic frame:
# V  [jvm.dll+0x203025]
#
# If you would like to submit a bug report, please visit:
#   http://java.sun.com/webapps/bugreport/crash.jsp
#

---------------  T H R E A D  ---------------

Current thread (0x00000000002cb800):  JavaThread "main" [_thread_in_Java, id=5144, stack(0x0000000002350000,0x0000000002450000)]

siginfo: ExceptionCode=0xc0000005, writing address 0x0000000000000294

Registers:
RAX=0x0000000000000000, RBX=0x00000000024c6d50, RCX=0x00000000024c6d50, RDX=0x00000000024c7020
RSP=0x000000000244e8f0, RBP=0x00000000002cb800, RSI=0x0000000000000000, RDI=0x00000000024c7020
R8 =0x000000006ddc1a50, R9 =0x0000000000000006, R10=0x000000006dd01380, R11=0x0000000000000006
R12=0x0000000000000000, R13=0x0000000000000005, R14=0x000000000244e830, R15=0x00000000002cb800
RIP=0x000000006da03025, EFLAGS=0x0000000000010246

Top of Stack: (sp=0x000000000244e8f0)
0x000000000244e8f0:   00000000fcefbb80 00000000024ae0c7
0x000000000244e900:   00000000fcefbb80 00000000024c7020
0x000000000244e910:   00000000fcefbb80 00000000024ad84d
0x000000000244e920:   00000000fcefbb80 00000000fcef01a8
0x000000000244e930:   0000000000000004 0000000000000ff9
0x000000000244e940:   00000000024c7020 00000000fceefaf0
0x000000000244e950:   00000000fcef01a8 00000000024c7020
0x000000000244e960:   00000000fcefa220 00000000fcef01a8
0x000000000244e970:   00000000fcefb630 0000000000000001
0x000000000244e980:   0000000000000001 00000000024fb148
0x000000000244e990:   00000000fceefbb0 00000000fceefaf0
0x000000000244e9a0:   00000000fcefbb30 00000000024c3648
0x000000000244e9b0:   fcefb8a800000000 00000000fceefbb0
0x000000000244e9c0:   0000000000000050 00000000fba1dc70
0x000000000244e9d0:   000000009b604220 00000000024e8840
0x000000000244e9e0:   00000000a02041a0 00000000fceefaf0 

Instructions: (pc=0x000000006da03025)
0x000000006da03005:   61 4c 8b 00 48 8b c8 41 ff 50 08 84 c0 74 53 48
0x000000006da03015:   8b d7 48 8b cb e8 31 1b e7 ff 84 c0 40 0f 95 c6
0x000000006da03025:   89 b5 94 02 00 00 48 63 83 9c 00 00 00 48 03 c3
0x000000006da03035:   48 3b f8 74 13 48 63 83 a0 00 00 00 48 03 c3 48 


Register to memory mapping:

RAX=0x0000000000000000 is an unknown value
RBX=0x00000000024c6d50 [CodeBlob (0x00000000024c6d50)]
Framesize: 10
RCX=0x00000000024c6d50 [CodeBlob (0x00000000024c6d50)]
Framesize: 10
RDX=0x00000000024c6d50 [CodeBlob (0x00000000024c6d50)]
Framesize: 10
RSP=0x000000000244e8f0 is pointing into the stack for thread: 0x00000000002cb800
RBP=0x00000000002cb800 is a thread
RSI=0x0000000000000000 is an unknown value
RDI=0x00000000024c6d50 [CodeBlob (0x00000000024c6d50)]
Framesize: 10
R8 =0x000000006ddc1a50 is an unknown value
R9 =0x0000000000000006 is an unknown value
R10=0x000000006dd01380 is an unknown value
R11=0x0000000000000006 is an unknown value
R12=0x0000000000000000 is an unknown value
R13=0x0000000000000005 is an unknown value
R14=0x000000000244e830 is pointing into the stack for thread: 0x00000000002cb800
R15=0x00000000002cb800 is a thread


Stack: [0x0000000002350000,0x0000000002450000],  sp=0x000000000244e8f0,  free space=1018k
Native frames: (J=compiled Java code, j=interpreted, Vv=VM code, C=native code)
V  [jvm.dll+0x203025]

Java frames: (J=compiled Java code, j=interpreted, Vv=VM code)
v  ~RuntimeStub::_rethrow_Java
J  spreadsheet.parser.ParserTokenManager.getNextToken()Lspreadsheet/parser/Token;
J  spreadsheet.parser.Parser.jj_consume_token(I)Lspreadsheet/parser/Token;
J  spreadsheet.Spreadsheet.getChildren(Lspreadsheet/Cell;)Ljava/util/LinkedHashSet;
J  spreadsheet.Spreadsheet.recomputeCell(Lspreadsheet/Cell;)V
j  spreadsheet.Spreadsheet.recompute()V+48
j  testsuite.spreadsheet.TestSetExpression.testSetExpression2()V+59
v  ~StubRoutines::call_stub
j  sun.reflect.NativeMethodAccessorImpl.invoke0(Ljava/lang/reflect/Method;Ljava/lang/Object;[Ljava/lang/Object;)Ljava/lang/Object;+0
j  sun.reflect.NativeMethodAccessorImpl.invoke(Ljava/lang/Object;[Ljava/lang/Object;)Ljava/lang/Object;+87
j  sun.reflect.DelegatingMethodAccessorImpl.invoke(Ljava/lang/Object;[Ljava/lang/Object;)Ljava/lang/Object;+6
j  java.lang.reflect.Method.invoke(Ljava/lang/Object;[Ljava/lang/Object;)Ljava/lang/Object;+161
j  org.junit.runners.model.FrameworkMethod$1.runReflectiveCall()Ljava/lang/Object;+15
j  org.junit.internal.runners.model.ReflectiveCallable.run()Ljava/lang/Object;+1
j  org.junit.runners.model.FrameworkMethod.invokeExplosively(Ljava/lang/Object;[Ljava/lang/Object;)Ljava/lang/Object;+10
j  org.junit.internal.runners.statements.InvokeMethod.evaluate()V+12
j  org.junit.runners.BlockJUnit4ClassRunner.runNotIgnored(Lorg/junit/runners/model/FrameworkMethod;Lorg/junit/internal/runners/model/EachTestNotifier;)V+9
j  org.junit.runners.BlockJUnit4ClassRunner.runChild(Lorg/junit/runners/model/FrameworkMethod;Lorg/junit/runner/notification/RunNotifier;)V+28
j  org.junit.runners.BlockJUnit4ClassRunner.runChild(Ljava/lang/Object;Lorg/junit/runner/notification/RunNotifier;)V+6
j  org.junit.runners.ParentRunner$3.run()V+12
j  org.junit.runners.ParentRunner$1.schedule(Ljava/lang/Runnable;)V+1
j  org.junit.runners.ParentRunner.runChildren(Lorg/junit/runner/notification/RunNotifier;)V+40
j  org.junit.runners.ParentRunner.access$000(Lorg/junit/runners/ParentRunner;Lorg/junit/runner/notification/RunNotifier;)V+2
j  org.junit.runners.ParentRunner$2.evaluate()V+8
j  org.junit.runners.ParentRunner.run(Lorg/junit/runner/notification/RunNotifier;)V+20
j  org.eclipse.jdt.internal.junit4.runner.JUnit4TestReference.run(Lorg/eclipse/jdt/internal/junit/runner/TestExecution;)V+72
j  org.eclipse.jdt.internal.junit.runner.TestExecution.run([Lorg/eclipse/jdt/internal/junit/runner/ITestReference;)V+17
j  org.eclipse.jdt.internal.junit.runner.RemoteTestRunner.runTests([Ljava/lang/String;Ljava/lang/String;Lorg/eclipse/jdt/internal/junit/runner/TestExecution;)V+61
j  org.eclipse.jdt.internal.junit.runner.RemoteTestRunner.runTests(Lorg/eclipse/jdt/internal/junit/runner/TestExecution;)V+10
j  org.eclipse.jdt.internal.junit.runner.RemoteTestRunner.run()V+70
j  org.eclipse.jdt.internal.junit.runner.RemoteTestRunner.main([Ljava/lang/String;)V+14
v  ~StubRoutines::call_stub

---------------  P R O C E S S  ---------------

Java Threads: ( => current thread )
  0x00000000064b5000 JavaThread "ReaderThread" [_thread_in_native, id=1636, stack(0x0000000007970000,0x0000000007a70000)]
  0x0000000006491000 JavaThread "Low Memory Detector" daemon [_thread_blocked, id=1336, stack(0x0000000007560000,0x0000000007660000)]
  0x0000000006486000 JavaThread "C2 CompilerThread1" daemon [_thread_blocked, id=5720, stack(0x0000000007460000,0x0000000007560000)]
  0x0000000006471000 JavaThread "C2 CompilerThread0" daemon [_thread_blocked, id=3920, stack(0x0000000007360000,0x0000000007460000)]
  0x000000000646c000 JavaThread "Attach Listener" daemon [_thread_blocked, id=5596, stack(0x0000000007260000,0x0000000007360000)]
  0x000000000646b000 JavaThread "Signal Dispatcher" daemon [_thread_blocked, id=4948, stack(0x0000000007160000,0x0000000007260000)]
  0x0000000006419000 JavaThread "Finalizer" daemon [_thread_blocked, id=5168, stack(0x0000000007060000,0x0000000007160000)]
  0x0000000006413000 JavaThread "Reference Handler" daemon [_thread_blocked, id=5252, stack(0x0000000006f60000,0x0000000007060000)]
=>0x00000000002cb800 JavaThread "main" [_thread_in_Java, id=5144, stack(0x0000000002350000,0x0000000002450000)]

Other Threads:
  0x0000000006407000 VMThread [stack: 0x0000000006e60000,0x0000000006f60000] [id=4172]
  0x00000000064a2800 WatcherThread [stack: 0x0000000007660000,0x0000000007760000] [id=5316]

VM state:not at safepoint (normal execution)

VM Mutex/Monitor currently owned by a thread: None

Heap
 PSYoungGen      total 523392K, used 483582K [0x00000000e00b0000, 0x0000000100000000, 0x0000000100000000)
  eden space 523200K, 92% used [0x00000000e00b0000,0x00000000fd8e7a50,0x00000000fffa0000)
  from space 192K, 16% used [0x00000000fffa0000,0x00000000fffa8000,0x00000000fffd0000)
  to   space 192K, 0% used [0x00000000fffd0000,0x00000000fffd0000,0x0000000100000000)
 PSOldGen        total 65472K, used 16736K [0x00000000a0200000, 0x00000000a41f0000, 0x00000000e00b0000)
  object space 65472K, 25% used [0x00000000a0200000,0x00000000a1258120,0x00000000a41f0000)
 PSPermGen       total 21248K, used 6231K [0x000000009b000000, 0x000000009c4c0000, 0x00000000a0200000)
  object space 21248K, 29% used [0x000000009b000000,0x000000009b615ec0,0x000000009c4c0000)

Code Cache  [0x0000000002450000, 0x00000000026c0000, 0x0000000005450000)
 total_blobs=348 nmethods=130 adapters=171 free_code_cache=49587328 largest_free_block=12992

Dynamic libraries:
0x0000000000400000 - 0x000000000042f000 	C:\Program Files\Java\jre6\bin\javaw.exe
0x00000000773e0000 - 0x0000000077589000 	C:\Windows\SYSTEM32\ntdll.dll
0x00000000771c0000 - 0x00000000772df000 	C:\Windows\system32\kernel32.dll
0x000007fefc900000 - 0x000007fefc96c000 	C:\Windows\system32\KERNELBASE.dll
0x000007fefe700000 - 0x000007fefe7db000 	C:\Windows\system32\ADVAPI32.dll
0x000007fefe7f0000 - 0x000007fefe88f000 	C:\Windows\system32\msvcrt.dll
0x000007fefce60000 - 0x000007fefce7f000 	C:\Windows\SYSTEM32\sechost.dll
0x000007fefced0000 - 0x000007fefcffd000 	C:\Windows\system32\RPCRT4.dll
0x00000000772e0000 - 0x00000000773da000 	C:\Windows\system32\USER32.dll
0x000007fefe890000 - 0x000007fefe8f7000 	C:\Windows\system32\GDI32.dll
0x000007fefe7e0000 - 0x000007fefe7ee000 	C:\Windows\system32\LPK.dll
0x000007fefd790000 - 0x000007fefd859000 	C:\Windows\system32\USP10.dll
0x000007fefd000000 - 0x000007fefd02e000 	C:\Windows\system32\IMM32.DLL
0x000007fefd860000 - 0x000007fefd969000 	C:\Windows\system32\MSCTF.dll
0x000000006d800000 - 0x000000006dfb8000 	C:\Program Files\Java\jre6\bin\server\jvm.dll
0x000007fefa7b0000 - 0x000007fefa7eb000 	C:\Windows\system32\WINMM.dll
0x000000006d770000 - 0x000000006d77e000 	C:\Program Files\Java\jre6\bin\verify.dll
0x000000006d3b0000 - 0x000000006d3d7000 	C:\Program Files\Java\jre6\bin\java.dll
0x000000006d7c0000 - 0x000000006d7d2000 	C:\Program Files\Java\jre6\bin\zip.dll
0x000000006d610000 - 0x000000006d627000 	C:\Program Files\Java\jre6\bin\net.dll
0x000007fefce80000 - 0x000007fefcecd000 	C:\Windows\system32\WS2_32.dll
0x000007fefe900000 - 0x000007fefe908000 	C:\Windows\system32\NSI.dll
0x000007fefc080000 - 0x000007fefc0d5000 	C:\Windows\system32\mswsock.dll
0x000007fefc070000 - 0x000007fefc077000 	C:\Windows\System32\wship6.dll
0x000007fefba40000 - 0x000007fefba47000 	C:\Windows\System32\wshtcpip.dll
0x00000000775b0000 - 0x00000000775b7000 	C:\Windows\system32\PSAPI.DLL

VM Arguments:
jvm_args: -Dfile.encoding=UTF-8 
java_command: org.eclipse.jdt.internal.junit.runner.RemoteTestRunner -version 3 -port 52687 -testLoaderClass org.eclipse.jdt.internal.junit4.runner.JUnit4TestLoader -loaderpluginname org.eclipse.jdt.junit4.runtime -test testsuite.spreadsheet.TestSetExpression:testSetExpression2
Launcher Type: SUN_STANDARD

Environment Variables:
CLASSPATH=.;C:\Program Files (x86)\Java\jre6\lib\ext\QTJava.zip
PATH=C:/Program Files/Java/jdk1.6.0_29/bin/../jre/bin/server;C:/Program Files/Java/jdk1.6.0_29/bin/../jre/bin;C:/Program Files/Java/jdk1.6.0_29/bin/../jre/lib/amd64;C:\Program Files (x86)\Haskell\bin;E:\Program Files (x86)\Haskell Platform\2011.2.0.1\lib\extralibs\bin;E:\Program Files (x86)\Haskell Platform\2011.2.0.1\bin;C:\Windows\system32;C:\Windows;C:\Windows\System32\Wbem;C:\Windows\System32\WindowsPowerShell\v1.0\;C:\Program Files (x86)\Microsoft SQL Server\100\Tools\Binn\;C:\Program Files\Microsoft SQL Server\100\Tools\Binn\;C:\Program Files\Microsoft SQL Server\100\DTS\Binn\;C:\Program Files (x86)\QuickTime\QTSystem\;E:\Program Files\ATI Technologies\ATI.ACE\Core-Static;E:\Program Files (x86)\BitMeterOS;C:\Program Files\Java\jdk1.6.0_29\bin;E:\Program Files (x86)\Altera\modelsim_ase\win32aloem;E:\Program Files\Python;E:\Program Files\eclipse;
USERNAME=Owen
OS=Windows_NT
PROCESSOR_IDENTIFIER=Intel64 Family 6 Model 26 Stepping 5, GenuineIntel



---------------  S Y S T E M  ---------------

OS: Windows 7 , 64 bit Build 7601 Service Pack 1

CPU:total 8 (4 cores per cpu, 2 threads per core) family 6 model 26 stepping 5, cmov, cx8, fxsr, mmx, sse, sse2, sse3, ssse3, sse4.1, sse4.2, popcnt, ht

Memory: 4k page, physical 6282356k(72884k free), swap 12562864k(3524932k free)

vm_info: Java HotSpot(TM) 64-Bit Server VM (20.5-b03) for windows-amd64 JRE (1.6.0_30-b12), built on Nov 10 2011 01:49:46 by "java_re" with MS VC++ 8.0 (VS2005)

time: Thu Mar 01 19:45:58 2012
elapsed time: 49 seconds

